::1 - - [17/Jun/2019:00:49:32 +0000] "GET / HTTP/1.1" 200 - "http://localhost:3000/" "Mozilla/5.0 (Macintosh; Intel Mac OS X 10_14_5) AppleWebKit/537.36 (KHTML, like Gecko) Chrome/75.0.3770.80 Safari/537.36"
::1 - - [17/Jun/2019:00:49:33 +0000] "GET /css/main.css HTTP/1.1" 304 - "http://localhost:3000/" "Mozilla/5.0 (Macintosh; Intel Mac OS X 10_14_5) AppleWebKit/537.36 (KHTML, like Gecko) Chrome/75.0.3770.80 Safari/537.36"
::1 - - [17/Jun/2019:00:49:33 +0000] "GET /css/product.css HTTP/1.1" 304 - "http://localhost:3000/" "Mozilla/5.0 (Macintosh; Intel Mac OS X 10_14_5) AppleWebKit/537.36 (KHTML, like Gecko) Chrome/75.0.3770.80 Safari/537.36"
::1 - - [17/Jun/2019:00:49:33 +0000] "GET /images/2019-06-15T10:17:56.237Z-louis-vuitton-parfum-dans-la-peau-parfums--LP0007_PM1_Other%20view2.jpg HTTP/1.1" 304 - "http://localhost:3000/" "Mozilla/5.0 (Macintosh; Intel Mac OS X 10_14_5) AppleWebKit/537.36 (KHTML, like Gecko) Chrome/75.0.3770.80 Safari/537.36"
::1 - - [17/Jun/2019:00:49:33 +0000] "GET /images/2019-06-15T10:21:05.279Z-chanel-chance-eau-de-parfum-vaporisateur-y_1.jpg HTTP/1.1" 304 - "http://localhost:3000/" "Mozilla/5.0 (Macintosh; Intel Mac OS X 10_14_5) AppleWebKit/537.36 (KHTML, like Gecko) Chrome/75.0.3770.80 Safari/537.36"
::1 - - [17/Jun/2019:00:49:33 +0000] "GET /js/main.js HTTP/1.1" 304 - "http://localhost:3000/" "Mozilla/5.0 (Macintosh; Intel Mac OS X 10_14_5) AppleWebKit/537.36 (KHTML, like Gecko) Chrome/75.0.3770.80 Safari/537.36"
::1 - - [17/Jun/2019:01:12:00 +0000] "GET / HTTP/1.1" 200 - "http://localhost:3000/" "Mozilla/5.0 (Macintosh; Intel Mac OS X 10_14_5) AppleWebKit/537.36 (KHTML, like Gecko) Chrome/75.0.3770.80 Safari/537.36"
::1 - - [17/Jun/2019:01:12:00 +0000] "GET /css/main.css HTTP/1.1" 304 - "http://localhost:3000/" "Mozilla/5.0 (Macintosh; Intel Mac OS X 10_14_5) AppleWebKit/537.36 (KHTML, like Gecko) Chrome/75.0.3770.80 Safari/537.36"
::1 - - [17/Jun/2019:01:12:00 +0000] "GET /css/product.css HTTP/1.1" 304 - "http://localhost:3000/" "Mozilla/5.0 (Macintosh; Intel Mac OS X 10_14_5) AppleWebKit/537.36 (KHTML, like Gecko) Chrome/75.0.3770.80 Safari/537.36"
::1 - - [17/Jun/2019:01:12:00 +0000] "GET /js/main.js HTTP/1.1" 304 - "http://localhost:3000/" "Mozilla/5.0 (Macintosh; Intel Mac OS X 10_14_5) AppleWebKit/537.36 (KHTML, like Gecko) Chrome/75.0.3770.80 Safari/537.36"
::1 - - [17/Jun/2019:01:12:00 +0000] "GET /images/2019-06-15T10:17:56.237Z-louis-vuitton-parfum-dans-la-peau-parfums--LP0007_PM1_Other%20view2.jpg HTTP/1.1" 304 - "http://localhost:3000/" "Mozilla/5.0 (Macintosh; Intel Mac OS X 10_14_5) AppleWebKit/537.36 (KHTML, like Gecko) Chrome/75.0.3770.80 Safari/537.36"
::1 - - [17/Jun/2019:01:12:00 +0000] "GET /images/2019-06-15T10:21:05.279Z-chanel-chance-eau-de-parfum-vaporisateur-y_1.jpg HTTP/1.1" 304 - "http://localhost:3000/" "Mozilla/5.0 (Macintosh; Intel Mac OS X 10_14_5) AppleWebKit/537.36 (KHTML, like Gecko) Chrome/75.0.3770.80 Safari/537.36"
::1 - - [17/Jun/2019:01:12:04 +0000] "GET / HTTP/1.1" 200 - "http://localhost:3000/" "Mozilla/5.0 (Macintosh; Intel Mac OS X 10_14_5) AppleWebKit/537.36 (KHTML, like Gecko) Chrome/75.0.3770.80 Safari/537.36"
::1 - - [17/Jun/2019:01:12:04 +0000] "GET /css/main.css HTTP/1.1" 304 - "http://localhost:3000/" "Mozilla/5.0 (Macintosh; Intel Mac OS X 10_14_5) AppleWebKit/537.36 (KHTML, like Gecko) Chrome/75.0.3770.80 Safari/537.36"
::1 - - [17/Jun/2019:01:12:04 +0000] "GET /css/product.css HTTP/1.1" 304 - "http://localhost:3000/" "Mozilla/5.0 (Macintosh; Intel Mac OS X 10_14_5) AppleWebKit/537.36 (KHTML, like Gecko) Chrome/75.0.3770.80 Safari/537.36"
::1 - - [17/Jun/2019:01:12:04 +0000] "GET /js/main.js HTTP/1.1" 304 - "http://localhost:3000/" "Mozilla/5.0 (Macintosh; Intel Mac OS X 10_14_5) AppleWebKit/537.36 (KHTML, like Gecko) Chrome/75.0.3770.80 Safari/537.36"
::1 - - [17/Jun/2019:01:12:04 +0000] "GET /images/2019-06-15T10:17:56.237Z-louis-vuitton-parfum-dans-la-peau-parfums--LP0007_PM1_Other%20view2.jpg HTTP/1.1" 304 - "http://localhost:3000/" "Mozilla/5.0 (Macintosh; Intel Mac OS X 10_14_5) AppleWebKit/537.36 (KHTML, like Gecko) Chrome/75.0.3770.80 Safari/537.36"
::1 - - [17/Jun/2019:01:12:04 +0000] "GET /images/2019-06-15T10:21:05.279Z-chanel-chance-eau-de-parfum-vaporisateur-y_1.jpg HTTP/1.1" 304 - "http://localhost:3000/" "Mozilla/5.0 (Macintosh; Intel Mac OS X 10_14_5) AppleWebKit/537.36 (KHTML, like Gecko) Chrome/75.0.3770.80 Safari/537.36"
::1 - - [17/Jun/2019:01:15:22 +0000] "GET / HTTP/1.1" 200 - "-" "Mozilla/5.0 (Macintosh; Intel Mac OS X 10_14_5) AppleWebKit/537.36 (KHTML, like Gecko) Chrome/75.0.3770.80 Safari/537.36"
::1 - - [17/Jun/2019:01:15:22 +0000] "GET /css/main.css HTTP/1.1" 200 - "https://localhost:3000/" "Mozilla/5.0 (Macintosh; Intel Mac OS X 10_14_5) AppleWebKit/537.36 (KHTML, like Gecko) Chrome/75.0.3770.80 Safari/537.36"
::1 - - [17/Jun/2019:01:15:22 +0000] "GET /css/product.css HTTP/1.1" 200 379 "https://localhost:3000/" "Mozilla/5.0 (Macintosh; Intel Mac OS X 10_14_5) AppleWebKit/537.36 (KHTML, like Gecko) Chrome/75.0.3770.80 Safari/537.36"
::1 - - [17/Jun/2019:01:15:22 +0000] "GET /js/main.js HTTP/1.1" 200 519 "https://localhost:3000/" "Mozilla/5.0 (Macintosh; Intel Mac OS X 10_14_5) AppleWebKit/537.36 (KHTML, like Gecko) Chrome/75.0.3770.80 Safari/537.36"
::1 - - [17/Jun/2019:01:15:22 +0000] "GET /images/2019-06-15T10:21:05.279Z-chanel-chance-eau-de-parfum-vaporisateur-y_1.jpg HTTP/1.1" 200 31450 "https://localhost:3000/" "Mozilla/5.0 (Macintosh; Intel Mac OS X 10_14_5) AppleWebKit/537.36 (KHTML, like Gecko) Chrome/75.0.3770.80 Safari/537.36"
::1 - - [17/Jun/2019:01:15:22 +0000] "GET /images/2019-06-15T10:17:56.237Z-louis-vuitton-parfum-dans-la-peau-parfums--LP0007_PM1_Other%20view2.jpg HTTP/1.1" 200 71724 "https://localhost:3000/" "Mozilla/5.0 (Macintosh; Intel Mac OS X 10_14_5) AppleWebKit/537.36 (KHTML, like Gecko) Chrome/75.0.3770.80 Safari/537.36"
::1 - - [17/Jun/2019:01:15:22 +0000] "GET /favicon.ico HTTP/1.1" 404 - "https://localhost:3000/" "Mozilla/5.0 (Macintosh; Intel Mac OS X 10_14_5) AppleWebKit/537.36 (KHTML, like Gecko) Chrome/75.0.3770.80 Safari/537.36"
